Analysis & Synthesis report for lab3
Fri Oct 18 12:38:41 2024
Quartus II Version 9.1 Build 222 10/21/2009 SJ Web Edition


---------------------
; Table of Contents ;
---------------------
  1. Legal Notice
  2. Analysis & Synthesis Summary
  3. Analysis & Synthesis Settings
  4. Parallel Compilation
  5. Analysis & Synthesis Source Files Read
  6. Analysis & Synthesis Resource Usage Summary
  7. Analysis & Synthesis Resource Utilization by Entity
  8. Analysis & Synthesis RAM Summary
  9. General Register Statistics
 10. Source assignments for rom:inst|lpm_rom0:inst|altsyncram:altsyncram_component|altsyncram_b551:auto_generated
 11. Source assignments for ram:inst3|LPM_RAM_IO:inst|altram:sram|altsyncram:ram_block|altsyncram_f891:auto_generated
 12. Parameter Settings for User Entity Instance: buffer:inst4|lpm_dff0:inst6|lpm_ff:lpm_ff_component
 13. Parameter Settings for User Entity Instance: buffer:inst4|lpm_bustri2:inst9|lpm_bustri:lpm_bustri_component
 14. Parameter Settings for User Entity Instance: buffer:inst4|lpm_dff1:inst13|lpm_ff:lpm_ff_component
 15. Parameter Settings for User Entity Instance: buffer:inst4|lpm_dff1:inst12|lpm_ff:lpm_ff_component
 16. Parameter Settings for User Entity Instance: buffer:inst4|lpm_dff0:inst8|lpm_ff:lpm_ff_component
 17. Parameter Settings for User Entity Instance: buffer:inst4|lpm_dff0:inst7|lpm_ff:lpm_ff_component
 18. Parameter Settings for User Entity Instance: rom:inst|lpm_bustri1:inst5|lpm_bustri:lpm_bustri_component
 19. Parameter Settings for User Entity Instance: rom:inst|lpm_rom0:inst|altsyncram:altsyncram_component
 20. Parameter Settings for User Entity Instance: lpm_decode0:inst9|lpm_decode:lpm_decode_component
 21. Parameter Settings for User Entity Instance: ram:inst3|LPM_RAM_IO:inst
 22. altsyncram Parameter Settings by Entity Instance
 23. Analysis & Synthesis Messages



----------------
; Legal Notice ;
----------------
Copyright (C) 1991-2009 Altera Corporation
Your use of Altera Corporation's design tools, logic functions 
and other software and tools, and its AMPP partner logic 
functions, and any output files from any of the foregoing 
(including device programming or simulation files), and any 
associated documentation or information are expressly subject 
to the terms and conditions of the Altera Program License 
Subscription Agreement, Altera MegaCore Function License 
Agreement, or other applicable license agreement, including, 
without limitation, that your use is for the sole purpose of 
programming logic devices manufactured by Altera and sold by 
Altera or its authorized distributors.  Please refer to the 
applicable agreement for further details.



+-------------------------------------------------------------------------+
; Analysis & Synthesis Summary                                            ;
+-------------------------------+-----------------------------------------+
; Analysis & Synthesis Status   ; Successful - Fri Oct 18 12:38:41 2024   ;
; Quartus II Version            ; 9.1 Build 222 10/21/2009 SJ Web Edition ;
; Revision Name                 ; lab3                                    ;
; Top-level Entity Name         ; main                                    ;
; Family                        ; Stratix II                              ;
; Logic utilization             ; N/A                                     ;
;     Combinational ALUTs       ; 20                                      ;
;     Dedicated logic registers ; 40                                      ;
; Total registers               ; 40                                      ;
; Total pins                    ; 57                                      ;
; Total virtual pins            ; 0                                       ;
; Total block memory bits       ; 512                                     ;
; DSP block 9-bit elements      ; 0                                       ;
; Total PLLs                    ; 0                                       ;
; Total DLLs                    ; 0                                       ;
+-------------------------------+-----------------------------------------+


+----------------------------------------------------------------------------------------------------------------------+
; Analysis & Synthesis Settings                                                                                        ;
+----------------------------------------------------------------------------+--------------------+--------------------+
; Option                                                                     ; Setting            ; Default Value      ;
+----------------------------------------------------------------------------+--------------------+--------------------+
; Top-level entity name                                                      ; main               ; lab3               ;
; Family name                                                                ; Stratix II         ; Stratix II         ;
; Use Generated Physical Constraints File                                    ; Off                ;                    ;
; Use smart compilation                                                      ; Off                ; Off                ;
; Enable parallel Assembler and TimeQuest Timing Analyzer during compilation ; On                 ; On                 ;
; Enable compact report table                                                ; Off                ; Off                ;
; Restructure Multiplexers                                                   ; Auto               ; Auto               ;
; Create Debugging Nodes for IP Cores                                        ; Off                ; Off                ;
; Preserve fewer node names                                                  ; On                 ; On                 ;
; Disable OpenCore Plus hardware evaluation                                  ; Off                ; Off                ;
; Verilog Version                                                            ; Verilog_2001       ; Verilog_2001       ;
; VHDL Version                                                               ; VHDL_1993          ; VHDL_1993          ;
; State Machine Processing                                                   ; Auto               ; Auto               ;
; Safe State Machine                                                         ; Off                ; Off                ;
; Extract Verilog State Machines                                             ; On                 ; On                 ;
; Extract VHDL State Machines                                                ; On                 ; On                 ;
; Ignore Verilog initial constructs                                          ; Off                ; Off                ;
; Iteration limit for constant Verilog loops                                 ; 5000               ; 5000               ;
; Iteration limit for non-constant Verilog loops                             ; 250                ; 250                ;
; Add Pass-Through Logic to Inferred RAMs                                    ; On                 ; On                 ;
; Parallel Synthesis                                                         ; On                 ; On                 ;
; DSP Block Balancing                                                        ; Auto               ; Auto               ;
; NOT Gate Push-Back                                                         ; On                 ; On                 ;
; Power-Up Don't Care                                                        ; On                 ; On                 ;
; Remove Redundant Logic Cells                                               ; Off                ; Off                ;
; Remove Duplicate Registers                                                 ; On                 ; On                 ;
; Ignore CARRY Buffers                                                       ; Off                ; Off                ;
; Ignore CASCADE Buffers                                                     ; Off                ; Off                ;
; Ignore GLOBAL Buffers                                                      ; Off                ; Off                ;
; Ignore ROW GLOBAL Buffers                                                  ; Off                ; Off                ;
; Ignore LCELL Buffers                                                       ; Off                ; Off                ;
; Ignore SOFT Buffers                                                        ; On                 ; On                 ;
; Limit AHDL Integers to 32 Bits                                             ; Off                ; Off                ;
; Optimization Technique                                                     ; Balanced           ; Balanced           ;
; Carry Chain Length                                                         ; 70                 ; 70                 ;
; Auto Carry Chains                                                          ; On                 ; On                 ;
; Auto Open-Drain Pins                                                       ; On                 ; On                 ;
; Perform WYSIWYG Primitive Resynthesis                                      ; Off                ; Off                ;
; Auto ROM Replacement                                                       ; On                 ; On                 ;
; Auto RAM Replacement                                                       ; On                 ; On                 ;
; Auto DSP Block Replacement                                                 ; On                 ; On                 ;
; Auto Shift Register Replacement                                            ; Auto               ; Auto               ;
; Auto Clock Enable Replacement                                              ; On                 ; On                 ;
; Strict RAM Replacement                                                     ; Off                ; Off                ;
; Allow Synchronous Control Signals                                          ; On                 ; On                 ;
; Force Use of Synchronous Clear Signals                                     ; Off                ; Off                ;
; Auto RAM Block Balancing                                                   ; On                 ; On                 ;
; Auto RAM to Logic Cell Conversion                                          ; Off                ; Off                ;
; Auto Resource Sharing                                                      ; Off                ; Off                ;
; Allow Any RAM Size For Recognition                                         ; Off                ; Off                ;
; Allow Any ROM Size For Recognition                                         ; Off                ; Off                ;
; Allow Any Shift Register Size For Recognition                              ; Off                ; Off                ;
; Use LogicLock Constraints during Resource Balancing                        ; On                 ; On                 ;
; Ignore translate_off and synthesis_off directives                          ; Off                ; Off                ;
; Timing-Driven Synthesis                                                    ; Off                ; Off                ;
; Show Parameter Settings Tables in Synthesis Report                         ; On                 ; On                 ;
; Ignore Maximum Fan-Out Assignments                                         ; Off                ; Off                ;
; Synchronization Register Chain Length                                      ; 2                  ; 2                  ;
; PowerPlay Power Optimization                                               ; Normal compilation ; Normal compilation ;
; HDL message level                                                          ; Level2             ; Level2             ;
; Suppress Register Optimization Related Messages                            ; Off                ; Off                ;
; Number of Removed Registers Reported in Synthesis Report                   ; 100                ; 100                ;
; Number of Inverted Registers Reported in Synthesis Report                  ; 100                ; 100                ;
; Clock MUX Protection                                                       ; On                 ; On                 ;
; Auto Gated Clock Conversion                                                ; Off                ; Off                ;
; Block Design Naming                                                        ; Auto               ; Auto               ;
; SDC constraint protection                                                  ; Off                ; Off                ;
; Synthesis Effort                                                           ; Auto               ; Auto               ;
; Shift Register Replacement - Allow Asynchronous Clear Signal               ; On                 ; On                 ;
; Analysis & Synthesis Message Level                                         ; Medium             ; Medium             ;
; Disable Register Merging Across Hierarchies                                ; Auto               ; Auto               ;
; Resource Aware Inference For Block RAM                                     ; On                 ; On                 ;
+----------------------------------------------------------------------------+--------------------+--------------------+


Parallel compilation was disabled, but you have multiple processors available. Enable parallel compilation to reduce compilation time.
+-------------------------------------+
; Parallel Compilation                ;
+----------------------------+--------+
; Processors                 ; Number ;
+----------------------------+--------+
; Number detected on machine ; 4      ;
; Maximum allowed            ; 1      ;
+----------------------------+--------+


+----------------------------------------------------------------------------------------------------------------------------------------------------------------------------------------+
; Analysis & Synthesis Source Files Read                                                                                                                                                 ;
+----------------------------------+-----------------+---------------------------------------+-------------------------------------------------------------------------------------------+
; File Name with User-Entered Path ; Used in Netlist ; File Type                             ; File Name with Absolute Path                                                              ;
+----------------------------------+-----------------+---------------------------------------+-------------------------------------------------------------------------------------------+
; main.bdf                         ; yes             ; User Block Diagram/Schematic File     ; C:/Users/lukya/OneDrive/Рабочий стол/BSUIR/third/5 sem/SiFOVM/lab3/main.bdf               ;
; rom.bdf                          ; yes             ; User Block Diagram/Schematic File     ; C:/Users/lukya/OneDrive/Рабочий стол/BSUIR/third/5 sem/SiFOVM/lab3/rom.bdf                ;
; lpm_rom0.vhd                     ; yes             ; User Wizard-Generated File            ; C:/Users/lukya/OneDrive/Рабочий стол/BSUIR/third/5 sem/SiFOVM/lab3/lpm_rom0.vhd           ;
; lpm_bustri1.v                    ; yes             ; User Wizard-Generated File            ; C:/Users/lukya/OneDrive/Рабочий стол/BSUIR/third/5 sem/SiFOVM/lab3/lpm_bustri1.v          ;
; ram.bdf                          ; yes             ; User Block Diagram/Schematic File     ; C:/Users/lukya/OneDrive/Рабочий стол/BSUIR/third/5 sem/SiFOVM/lab3/ram.bdf                ;
; ram.hex                          ; yes             ; User Hexadecimal (Intel-Format) File  ; C:/Users/lukya/OneDrive/Рабочий стол/BSUIR/third/5 sem/SiFOVM/lab3/ram.hex                ;
; buffer.bdf                       ; yes             ; User Block Diagram/Schematic File     ; C:/Users/lukya/OneDrive/Рабочий стол/BSUIR/third/5 sem/SiFOVM/lab3/buffer.bdf             ;
; lpm_dff0.v                       ; yes             ; User Wizard-Generated File            ; C:/Users/lukya/OneDrive/Рабочий стол/BSUIR/third/5 sem/SiFOVM/lab3/lpm_dff0.v             ;
; lpm_bustri2.v                    ; yes             ; User Wizard-Generated File            ; C:/Users/lukya/OneDrive/Рабочий стол/BSUIR/third/5 sem/SiFOVM/lab3/lpm_bustri2.v          ;
; lpm_dff1.v                       ; yes             ; User Wizard-Generated File            ; C:/Users/lukya/OneDrive/Рабочий стол/BSUIR/third/5 sem/SiFOVM/lab3/lpm_dff1.v             ;
; lpm_decode0.v                    ; yes             ; User Wizard-Generated File            ; C:/Users/lukya/OneDrive/Рабочий стол/BSUIR/third/5 sem/SiFOVM/lab3/lpm_decode0.v          ;
; rom.hex                          ; yes             ; User Hexadecimal (Intel-Format) File  ; C:/Users/lukya/OneDrive/Рабочий стол/BSUIR/third/5 sem/SiFOVM/lab3/rom.hex                ;
; lpm_ff.tdf                       ; yes             ; Megafunction                          ; c:/d/programs/91/quartus/libraries/megafunctions/lpm_ff.tdf                               ;
; lpm_bustri.tdf                   ; yes             ; Megafunction                          ; c:/d/programs/91/quartus/libraries/megafunctions/lpm_bustri.tdf                           ;
; altsyncram.tdf                   ; yes             ; Megafunction                          ; c:/d/programs/91/quartus/libraries/megafunctions/altsyncram.tdf                           ;
; db/altsyncram_b551.tdf           ; yes             ; Auto-Generated Megafunction           ; C:/Users/lukya/OneDrive/Рабочий стол/BSUIR/third/5 sem/SiFOVM/lab3/db/altsyncram_b551.tdf ;
; lpm_decode.tdf                   ; yes             ; Megafunction                          ; c:/d/programs/91/quartus/libraries/megafunctions/lpm_decode.tdf                           ;
; db/decode_trf.tdf                ; yes             ; Auto-Generated Megafunction           ; C:/Users/lukya/OneDrive/Рабочий стол/BSUIR/third/5 sem/SiFOVM/lab3/db/decode_trf.tdf      ;
; lpm_ram_io.tdf                   ; yes             ; Megafunction                          ; c:/d/programs/91/quartus/libraries/megafunctions/lpm_ram_io.tdf                           ;
; altram.tdf                       ; yes             ; Megafunction                          ; c:/d/programs/91/quartus/libraries/megafunctions/altram.tdf                               ;
; db/altsyncram_f891.tdf           ; yes             ; Auto-Generated Megafunction           ; C:/Users/lukya/OneDrive/Рабочий стол/BSUIR/third/5 sem/SiFOVM/lab3/db/altsyncram_f891.tdf ;
+----------------------------------+-----------------+---------------------------------------+-------------------------------------------------------------------------------------------+


+-------------------------------------------------------------------+
; Analysis & Synthesis Resource Usage Summary                       ;
+-----------------------------------------------+-------------------+
; Resource                                      ; Usage             ;
+-----------------------------------------------+-------------------+
; Estimated ALUTs Used                          ; 20                ;
; Dedicated logic registers                     ; 40                ;
;                                               ;                   ;
; Estimated ALUTs Unavailable                   ; 0                 ;
;                                               ;                   ;
; Total combinational functions                 ; 20                ;
; Combinational ALUT usage by number of inputs  ;                   ;
;     -- 7 input functions                      ; 0                 ;
;     -- 6 input functions                      ; 16                ;
;     -- 5 input functions                      ; 0                 ;
;     -- 4 input functions                      ; 0                 ;
;     -- <=3 input functions                    ; 4                 ;
;                                               ;                   ;
; Combinational ALUTs by mode                   ;                   ;
;     -- normal mode                            ; 20                ;
;     -- extended LUT mode                      ; 0                 ;
;     -- arithmetic mode                        ; 0                 ;
;     -- shared arithmetic mode                 ; 0                 ;
;                                               ;                   ;
; Estimated ALUT/register pairs used            ; 50                ;
;                                               ;                   ;
; Total registers                               ; 40                ;
;     -- Dedicated logic registers              ; 40                ;
;     -- I/O registers                          ; 0                 ;
;                                               ;                   ;
; Estimated ALMs:  partially or completely used ; 25                ;
;                                               ;                   ;
; I/O pins                                      ; 57                ;
; Total block memory bits                       ; 512               ;
; Maximum fan-out node                          ; buffer:inst4|inst ;
; Maximum fan-out                               ; 40                ;
; Total fan-out                                 ; 356               ;
; Average fan-out                               ; 2.68              ;
+-----------------------------------------------+-------------------+


+------------------------------------------------------------------------------------------------------------------------------------------------------------------------------------------------------------------------------------------------------------------------------------------------+
; Analysis & Synthesis Resource Utilization by Entity                                                                                                                                                                                                                                            ;
+-------------------------------------------------+-------------------+--------------+-------------------+--------------+---------+-----------+-----------+------+--------------+-------------------------------------------------------------------------------------------------+--------------+
; Compilation Hierarchy Node                      ; LC Combinationals ; LC Registers ; Block Memory Bits ; DSP Elements ; DSP 9x9 ; DSP 18x18 ; DSP 36x36 ; Pins ; Virtual Pins ; Full Hierarchy Name                                                                             ; Library Name ;
+-------------------------------------------------+-------------------+--------------+-------------------+--------------+---------+-----------+-----------+------+--------------+-------------------------------------------------------------------------------------------------+--------------+
; |main                                           ; 20 (1)            ; 40 (0)       ; 512               ; 0            ; 0       ; 0         ; 0         ; 57   ; 0            ; |main                                                                                           ; work         ;
;    |buffer:inst4|                               ; 9 (1)             ; 40 (0)       ; 0                 ; 0            ; 0       ; 0         ; 0         ; 0    ; 0            ; |main|buffer:inst4                                                                              ;              ;
;       |lpm_bustri2:inst9|                       ; 8 (0)             ; 0 (0)        ; 0                 ; 0            ; 0       ; 0         ; 0         ; 0    ; 0            ; |main|buffer:inst4|lpm_bustri2:inst9                                                            ; work         ;
;          |lpm_bustri:lpm_bustri_component|      ; 8 (8)             ; 0 (0)        ; 0                 ; 0            ; 0       ; 0         ; 0         ; 0    ; 0            ; |main|buffer:inst4|lpm_bustri2:inst9|lpm_bustri:lpm_bustri_component                            ; work         ;
;       |lpm_dff0:inst6|                          ; 0 (0)             ; 8 (0)        ; 0                 ; 0            ; 0       ; 0         ; 0         ; 0    ; 0            ; |main|buffer:inst4|lpm_dff0:inst6                                                               ; work         ;
;          |lpm_ff:lpm_ff_component|              ; 0 (0)             ; 8 (8)        ; 0                 ; 0            ; 0       ; 0         ; 0         ; 0    ; 0            ; |main|buffer:inst4|lpm_dff0:inst6|lpm_ff:lpm_ff_component                                       ; work         ;
;       |lpm_dff0:inst7|                          ; 0 (0)             ; 8 (0)        ; 0                 ; 0            ; 0       ; 0         ; 0         ; 0    ; 0            ; |main|buffer:inst4|lpm_dff0:inst7                                                               ; work         ;
;          |lpm_ff:lpm_ff_component|              ; 0 (0)             ; 8 (8)        ; 0                 ; 0            ; 0       ; 0         ; 0         ; 0    ; 0            ; |main|buffer:inst4|lpm_dff0:inst7|lpm_ff:lpm_ff_component                                       ; work         ;
;       |lpm_dff0:inst8|                          ; 0 (0)             ; 8 (0)        ; 0                 ; 0            ; 0       ; 0         ; 0         ; 0    ; 0            ; |main|buffer:inst4|lpm_dff0:inst8                                                               ; work         ;
;          |lpm_ff:lpm_ff_component|              ; 0 (0)             ; 8 (8)        ; 0                 ; 0            ; 0       ; 0         ; 0         ; 0    ; 0            ; |main|buffer:inst4|lpm_dff0:inst8|lpm_ff:lpm_ff_component                                       ; work         ;
;       |lpm_dff1:inst12|                         ; 0 (0)             ; 8 (0)        ; 0                 ; 0            ; 0       ; 0         ; 0         ; 0    ; 0            ; |main|buffer:inst4|lpm_dff1:inst12                                                              ; work         ;
;          |lpm_ff:lpm_ff_component|              ; 0 (0)             ; 8 (8)        ; 0                 ; 0            ; 0       ; 0         ; 0         ; 0    ; 0            ; |main|buffer:inst4|lpm_dff1:inst12|lpm_ff:lpm_ff_component                                      ; work         ;
;       |lpm_dff1:inst13|                         ; 0 (0)             ; 8 (0)        ; 0                 ; 0            ; 0       ; 0         ; 0         ; 0    ; 0            ; |main|buffer:inst4|lpm_dff1:inst13                                                              ; work         ;
;          |lpm_ff:lpm_ff_component|              ; 0 (0)             ; 8 (8)        ; 0                 ; 0            ; 0       ; 0         ; 0         ; 0    ; 0            ; |main|buffer:inst4|lpm_dff1:inst13|lpm_ff:lpm_ff_component                                      ; work         ;
;    |ram:inst3|                                  ; 1 (0)             ; 0 (0)        ; 256               ; 0            ; 0       ; 0         ; 0         ; 0    ; 0            ; |main|ram:inst3                                                                                 ;              ;
;       |lpm_ram_io:inst|                         ; 1 (1)             ; 0 (0)        ; 256               ; 0            ; 0       ; 0         ; 0         ; 0    ; 0            ; |main|ram:inst3|lpm_ram_io:inst                                                                 ;              ;
;          |altram:sram|                          ; 0 (0)             ; 0 (0)        ; 256               ; 0            ; 0       ; 0         ; 0         ; 0    ; 0            ; |main|ram:inst3|lpm_ram_io:inst|altram:sram                                                     ;              ;
;             |altsyncram:ram_block|              ; 0 (0)             ; 0 (0)        ; 256               ; 0            ; 0       ; 0         ; 0         ; 0    ; 0            ; |main|ram:inst3|lpm_ram_io:inst|altram:sram|altsyncram:ram_block                                ;              ;
;                |altsyncram_f891:auto_generated| ; 0 (0)             ; 0 (0)        ; 256               ; 0            ; 0       ; 0         ; 0         ; 0    ; 0            ; |main|ram:inst3|lpm_ram_io:inst|altram:sram|altsyncram:ram_block|altsyncram_f891:auto_generated ;              ;
;    |rom:inst|                                   ; 9 (0)             ; 0 (0)        ; 256               ; 0            ; 0       ; 0         ; 0         ; 0    ; 0            ; |main|rom:inst                                                                                  ; work         ;
;       |lpm_bustri1:inst5|                       ; 9 (0)             ; 0 (0)        ; 0                 ; 0            ; 0       ; 0         ; 0         ; 0    ; 0            ; |main|rom:inst|lpm_bustri1:inst5                                                                ; work         ;
;          |lpm_bustri:lpm_bustri_component|      ; 9 (9)             ; 0 (0)        ; 0                 ; 0            ; 0       ; 0         ; 0         ; 0    ; 0            ; |main|rom:inst|lpm_bustri1:inst5|lpm_bustri:lpm_bustri_component                                ; work         ;
;       |lpm_rom0:inst|                           ; 0 (0)             ; 0 (0)        ; 256               ; 0            ; 0       ; 0         ; 0         ; 0    ; 0            ; |main|rom:inst|lpm_rom0:inst                                                                    ; work         ;
;          |altsyncram:altsyncram_component|      ; 0 (0)             ; 0 (0)        ; 256               ; 0            ; 0       ; 0         ; 0         ; 0    ; 0            ; |main|rom:inst|lpm_rom0:inst|altsyncram:altsyncram_component                                    ; work         ;
;             |altsyncram_b551:auto_generated|    ; 0 (0)             ; 0 (0)        ; 256               ; 0            ; 0       ; 0         ; 0         ; 0    ; 0            ; |main|rom:inst|lpm_rom0:inst|altsyncram:altsyncram_component|altsyncram_b551:auto_generated     ; work         ;
+-------------------------------------------------+-------------------+--------------+-------------------+--------------+---------+-----------+-----------+------+--------------+-------------------------------------------------------------------------------------------------+--------------+
Note: For table entries with two numbers listed, the numbers in parentheses indicate the number of resources of the given type used by the specific entity alone. The numbers listed outside of parentheses indicate the total resources of the given type used by the specific entity and all of its sub-entities in the hierarchy.


+--------------------------------------------------------------------------------------------------------------------------------------------------------------------------------------------------------+
; Analysis & Synthesis RAM Summary                                                                                                                                                                       ;
+------------------------------------------------------------------------------------------------------+------+-------------+--------------+--------------+--------------+--------------+------+---------+
; Name                                                                                                 ; Type ; Mode        ; Port A Depth ; Port A Width ; Port B Depth ; Port B Width ; Size ; MIF     ;
+------------------------------------------------------------------------------------------------------+------+-------------+--------------+--------------+--------------+--------------+------+---------+
; ram:inst3|lpm_ram_io:inst|altram:sram|altsyncram:ram_block|altsyncram_f891:auto_generated|ALTSYNCRAM ; AUTO ; Single Port ; 32           ; 8            ; --           ; --           ; 256  ; ram.hex ;
; rom:inst|lpm_rom0:inst|altsyncram:altsyncram_component|altsyncram_b551:auto_generated|ALTSYNCRAM     ; AUTO ; ROM         ; 32           ; 8            ; --           ; --           ; 256  ; rom.hex ;
+------------------------------------------------------------------------------------------------------+------+-------------+--------------+--------------+--------------+--------------+------+---------+


+------------------------------------------------------+
; General Register Statistics                          ;
+----------------------------------------------+-------+
; Statistic                                    ; Value ;
+----------------------------------------------+-------+
; Total registers                              ; 40    ;
; Number of registers using Synchronous Clear  ; 0     ;
; Number of registers using Synchronous Load   ; 0     ;
; Number of registers using Asynchronous Clear ; 0     ;
; Number of registers using Asynchronous Load  ; 0     ;
; Number of registers using Clock Enable       ; 0     ;
; Number of registers using Preset             ; 0     ;
+----------------------------------------------+-------+


+--------------------------------------------------------------------------------------------------------------+
; Source assignments for rom:inst|lpm_rom0:inst|altsyncram:altsyncram_component|altsyncram_b551:auto_generated ;
+---------------------------------+--------------------+------+------------------------------------------------+
; Assignment                      ; Value              ; From ; To                                             ;
+---------------------------------+--------------------+------+------------------------------------------------+
; OPTIMIZE_POWER_DURING_SYNTHESIS ; NORMAL_COMPILATION ; -    ; -                                              ;
+---------------------------------+--------------------+------+------------------------------------------------+


+------------------------------------------------------------------------------------------------------------------+
; Source assignments for ram:inst3|LPM_RAM_IO:inst|altram:sram|altsyncram:ram_block|altsyncram_f891:auto_generated ;
+---------------------------------+--------------------+------+----------------------------------------------------+
; Assignment                      ; Value              ; From ; To                                                 ;
+---------------------------------+--------------------+------+----------------------------------------------------+
; OPTIMIZE_POWER_DURING_SYNTHESIS ; NORMAL_COMPILATION ; -    ; -                                                  ;
+---------------------------------+--------------------+------+----------------------------------------------------+


+--------------------------------------------------------------------------------------------------+
; Parameter Settings for User Entity Instance: buffer:inst4|lpm_dff0:inst6|lpm_ff:lpm_ff_component ;
+------------------------+------------+------------------------------------------------------------+
; Parameter Name         ; Value      ; Type                                                       ;
+------------------------+------------+------------------------------------------------------------+
; LPM_WIDTH              ; 8          ; Signed Integer                                             ;
; LPM_AVALUE             ; UNUSED     ; Untyped                                                    ;
; LPM_SVALUE             ; UNUSED     ; Untyped                                                    ;
; LPM_FFTYPE             ; DFF        ; Untyped                                                    ;
; DEVICE_FAMILY          ; Stratix II ; Untyped                                                    ;
; CBXI_PARAMETER         ; NOTHING    ; Untyped                                                    ;
; AUTO_CARRY_CHAINS      ; ON         ; AUTO_CARRY                                                 ;
; IGNORE_CARRY_BUFFERS   ; OFF        ; IGNORE_CARRY                                               ;
; AUTO_CASCADE_CHAINS    ; ON         ; AUTO_CASCADE                                               ;
; IGNORE_CASCADE_BUFFERS ; OFF        ; IGNORE_CASCADE                                             ;
+------------------------+------------+------------------------------------------------------------+
Note: In order to hide this table in the UI and the text report file, please set the "Show Parameter Settings Tables in Synthesis Report" option in "Analysis and Synthesis Settings -> More Settings" to "Off".


+-------------------------------------------------------------------------------------------------------------+
; Parameter Settings for User Entity Instance: buffer:inst4|lpm_bustri2:inst9|lpm_bustri:lpm_bustri_component ;
+----------------+-------+------------------------------------------------------------------------------------+
; Parameter Name ; Value ; Type                                                                               ;
+----------------+-------+------------------------------------------------------------------------------------+
; LPM_WIDTH      ; 8     ; Signed Integer                                                                     ;
+----------------+-------+------------------------------------------------------------------------------------+
Note: In order to hide this table in the UI and the text report file, please set the "Show Parameter Settings Tables in Synthesis Report" option in "Analysis and Synthesis Settings -> More Settings" to "Off".


+---------------------------------------------------------------------------------------------------+
; Parameter Settings for User Entity Instance: buffer:inst4|lpm_dff1:inst13|lpm_ff:lpm_ff_component ;
+------------------------+------------+-------------------------------------------------------------+
; Parameter Name         ; Value      ; Type                                                        ;
+------------------------+------------+-------------------------------------------------------------+
; LPM_WIDTH              ; 8          ; Signed Integer                                              ;
; LPM_AVALUE             ; UNUSED     ; Untyped                                                     ;
; LPM_SVALUE             ; UNUSED     ; Untyped                                                     ;
; LPM_FFTYPE             ; DFF        ; Untyped                                                     ;
; DEVICE_FAMILY          ; Stratix II ; Untyped                                                     ;
; CBXI_PARAMETER         ; NOTHING    ; Untyped                                                     ;
; AUTO_CARRY_CHAINS      ; ON         ; AUTO_CARRY                                                  ;
; IGNORE_CARRY_BUFFERS   ; OFF        ; IGNORE_CARRY                                                ;
; AUTO_CASCADE_CHAINS    ; ON         ; AUTO_CASCADE                                                ;
; IGNORE_CASCADE_BUFFERS ; OFF        ; IGNORE_CASCADE                                              ;
+------------------------+------------+-------------------------------------------------------------+
Note: In order to hide this table in the UI and the text report file, please set the "Show Parameter Settings Tables in Synthesis Report" option in "Analysis and Synthesis Settings -> More Settings" to "Off".


+---------------------------------------------------------------------------------------------------+
; Parameter Settings for User Entity Instance: buffer:inst4|lpm_dff1:inst12|lpm_ff:lpm_ff_component ;
+------------------------+------------+-------------------------------------------------------------+
; Parameter Name         ; Value      ; Type                                                        ;
+------------------------+------------+-------------------------------------------------------------+
; LPM_WIDTH              ; 8          ; Signed Integer                                              ;
; LPM_AVALUE             ; UNUSED     ; Untyped                                                     ;
; LPM_SVALUE             ; UNUSED     ; Untyped                                                     ;
; LPM_FFTYPE             ; DFF        ; Untyped                                                     ;
; DEVICE_FAMILY          ; Stratix II ; Untyped                                                     ;
; CBXI_PARAMETER         ; NOTHING    ; Untyped                                                     ;
; AUTO_CARRY_CHAINS      ; ON         ; AUTO_CARRY                                                  ;
; IGNORE_CARRY_BUFFERS   ; OFF        ; IGNORE_CARRY                                                ;
; AUTO_CASCADE_CHAINS    ; ON         ; AUTO_CASCADE                                                ;
; IGNORE_CASCADE_BUFFERS ; OFF        ; IGNORE_CASCADE                                              ;
+------------------------+------------+-------------------------------------------------------------+
Note: In order to hide this table in the UI and the text report file, please set the "Show Parameter Settings Tables in Synthesis Report" option in "Analysis and Synthesis Settings -> More Settings" to "Off".


+--------------------------------------------------------------------------------------------------+
; Parameter Settings for User Entity Instance: buffer:inst4|lpm_dff0:inst8|lpm_ff:lpm_ff_component ;
+------------------------+------------+------------------------------------------------------------+
; Parameter Name         ; Value      ; Type                                                       ;
+------------------------+------------+------------------------------------------------------------+
; LPM_WIDTH              ; 8          ; Signed Integer                                             ;
; LPM_AVALUE             ; UNUSED     ; Untyped                                                    ;
; LPM_SVALUE             ; UNUSED     ; Untyped                                                    ;
; LPM_FFTYPE             ; DFF        ; Untyped                                                    ;
; DEVICE_FAMILY          ; Stratix II ; Untyped                                                    ;
; CBXI_PARAMETER         ; NOTHING    ; Untyped                                                    ;
; AUTO_CARRY_CHAINS      ; ON         ; AUTO_CARRY                                                 ;
; IGNORE_CARRY_BUFFERS   ; OFF        ; IGNORE_CARRY                                               ;
; AUTO_CASCADE_CHAINS    ; ON         ; AUTO_CASCADE                                               ;
; IGNORE_CASCADE_BUFFERS ; OFF        ; IGNORE_CASCADE                                             ;
+------------------------+------------+------------------------------------------------------------+
Note: In order to hide this table in the UI and the text report file, please set the "Show Parameter Settings Tables in Synthesis Report" option in "Analysis and Synthesis Settings -> More Settings" to "Off".


+--------------------------------------------------------------------------------------------------+
; Parameter Settings for User Entity Instance: buffer:inst4|lpm_dff0:inst7|lpm_ff:lpm_ff_component ;
+------------------------+------------+------------------------------------------------------------+
; Parameter Name         ; Value      ; Type                                                       ;
+------------------------+------------+------------------------------------------------------------+
; LPM_WIDTH              ; 8          ; Signed Integer                                             ;
; LPM_AVALUE             ; UNUSED     ; Untyped                                                    ;
; LPM_SVALUE             ; UNUSED     ; Untyped                                                    ;
; LPM_FFTYPE             ; DFF        ; Untyped                                                    ;
; DEVICE_FAMILY          ; Stratix II ; Untyped                                                    ;
; CBXI_PARAMETER         ; NOTHING    ; Untyped                                                    ;
; AUTO_CARRY_CHAINS      ; ON         ; AUTO_CARRY                                                 ;
; IGNORE_CARRY_BUFFERS   ; OFF        ; IGNORE_CARRY                                               ;
; AUTO_CASCADE_CHAINS    ; ON         ; AUTO_CASCADE                                               ;
; IGNORE_CASCADE_BUFFERS ; OFF        ; IGNORE_CASCADE                                             ;
+------------------------+------------+------------------------------------------------------------+
Note: In order to hide this table in the UI and the text report file, please set the "Show Parameter Settings Tables in Synthesis Report" option in "Analysis and Synthesis Settings -> More Settings" to "Off".


+---------------------------------------------------------------------------------------------------------+
; Parameter Settings for User Entity Instance: rom:inst|lpm_bustri1:inst5|lpm_bustri:lpm_bustri_component ;
+----------------+-------+--------------------------------------------------------------------------------+
; Parameter Name ; Value ; Type                                                                           ;
+----------------+-------+--------------------------------------------------------------------------------+
; LPM_WIDTH      ; 8     ; Signed Integer                                                                 ;
+----------------+-------+--------------------------------------------------------------------------------+
Note: In order to hide this table in the UI and the text report file, please set the "Show Parameter Settings Tables in Synthesis Report" option in "Analysis and Synthesis Settings -> More Settings" to "Off".


+-----------------------------------------------------------------------------------------------------+
; Parameter Settings for User Entity Instance: rom:inst|lpm_rom0:inst|altsyncram:altsyncram_component ;
+------------------------------------+----------------------+-----------------------------------------+
; Parameter Name                     ; Value                ; Type                                    ;
+------------------------------------+----------------------+-----------------------------------------+
; BYTE_SIZE_BLOCK                    ; 8                    ; Untyped                                 ;
; AUTO_CARRY_CHAINS                  ; ON                   ; AUTO_CARRY                              ;
; IGNORE_CARRY_BUFFERS               ; OFF                  ; IGNORE_CARRY                            ;
; AUTO_CASCADE_CHAINS                ; ON                   ; AUTO_CASCADE                            ;
; IGNORE_CASCADE_BUFFERS             ; OFF                  ; IGNORE_CASCADE                          ;
; WIDTH_BYTEENA                      ; 1                    ; Untyped                                 ;
; OPERATION_MODE                     ; ROM                  ; Untyped                                 ;
; WIDTH_A                            ; 8                    ; Signed Integer                          ;
; WIDTHAD_A                          ; 5                    ; Signed Integer                          ;
; NUMWORDS_A                         ; 32                   ; Signed Integer                          ;
; OUTDATA_REG_A                      ; CLOCK1               ; Untyped                                 ;
; ADDRESS_ACLR_A                     ; NONE                 ; Untyped                                 ;
; OUTDATA_ACLR_A                     ; NONE                 ; Untyped                                 ;
; WRCONTROL_ACLR_A                   ; NONE                 ; Untyped                                 ;
; INDATA_ACLR_A                      ; NONE                 ; Untyped                                 ;
; BYTEENA_ACLR_A                     ; NONE                 ; Untyped                                 ;
; WIDTH_B                            ; 1                    ; Untyped                                 ;
; WIDTHAD_B                          ; 1                    ; Untyped                                 ;
; NUMWORDS_B                         ; 1                    ; Untyped                                 ;
; INDATA_REG_B                       ; CLOCK1               ; Untyped                                 ;
; WRCONTROL_WRADDRESS_REG_B          ; CLOCK1               ; Untyped                                 ;
; RDCONTROL_REG_B                    ; CLOCK1               ; Untyped                                 ;
; ADDRESS_REG_B                      ; CLOCK1               ; Untyped                                 ;
; OUTDATA_REG_B                      ; UNREGISTERED         ; Untyped                                 ;
; BYTEENA_REG_B                      ; CLOCK1               ; Untyped                                 ;
; INDATA_ACLR_B                      ; NONE                 ; Untyped                                 ;
; WRCONTROL_ACLR_B                   ; NONE                 ; Untyped                                 ;
; ADDRESS_ACLR_B                     ; NONE                 ; Untyped                                 ;
; OUTDATA_ACLR_B                     ; NONE                 ; Untyped                                 ;
; RDCONTROL_ACLR_B                   ; NONE                 ; Untyped                                 ;
; BYTEENA_ACLR_B                     ; NONE                 ; Untyped                                 ;
; WIDTH_BYTEENA_A                    ; 1                    ; Signed Integer                          ;
; WIDTH_BYTEENA_B                    ; 1                    ; Untyped                                 ;
; RAM_BLOCK_TYPE                     ; AUTO                 ; Untyped                                 ;
; BYTE_SIZE                          ; 8                    ; Untyped                                 ;
; READ_DURING_WRITE_MODE_MIXED_PORTS ; DONT_CARE            ; Untyped                                 ;
; READ_DURING_WRITE_MODE_PORT_A      ; NEW_DATA_NO_NBE_READ ; Untyped                                 ;
; READ_DURING_WRITE_MODE_PORT_B      ; NEW_DATA_NO_NBE_READ ; Untyped                                 ;
; INIT_FILE                          ; rom.hex              ; Untyped                                 ;
; INIT_FILE_LAYOUT                   ; PORT_A               ; Untyped                                 ;
; MAXIMUM_DEPTH                      ; 0                    ; Untyped                                 ;
; CLOCK_ENABLE_INPUT_A               ; BYPASS               ; Untyped                                 ;
; CLOCK_ENABLE_INPUT_B               ; NORMAL               ; Untyped                                 ;
; CLOCK_ENABLE_OUTPUT_A              ; BYPASS               ; Untyped                                 ;
; CLOCK_ENABLE_OUTPUT_B              ; NORMAL               ; Untyped                                 ;
; CLOCK_ENABLE_CORE_A                ; USE_INPUT_CLKEN      ; Untyped                                 ;
; CLOCK_ENABLE_CORE_B                ; USE_INPUT_CLKEN      ; Untyped                                 ;
; ENABLE_ECC                         ; FALSE                ; Untyped                                 ;
; DEVICE_FAMILY                      ; Stratix II           ; Untyped                                 ;
; CBXI_PARAMETER                     ; altsyncram_b551      ; Untyped                                 ;
+------------------------------------+----------------------+-----------------------------------------+
Note: In order to hide this table in the UI and the text report file, please set the "Show Parameter Settings Tables in Synthesis Report" option in "Analysis and Synthesis Settings -> More Settings" to "Off".


+------------------------------------------------------------------------------------------------+
; Parameter Settings for User Entity Instance: lpm_decode0:inst9|lpm_decode:lpm_decode_component ;
+------------------------+------------+----------------------------------------------------------+
; Parameter Name         ; Value      ; Type                                                     ;
+------------------------+------------+----------------------------------------------------------+
; LPM_WIDTH              ; 1          ; Signed Integer                                           ;
; LPM_DECODES            ; 2          ; Signed Integer                                           ;
; LPM_PIPELINE           ; 0          ; Untyped                                                  ;
; CASCADE_CHAIN          ; MANUAL     ; Untyped                                                  ;
; DEVICE_FAMILY          ; Stratix II ; Untyped                                                  ;
; CBXI_PARAMETER         ; decode_trf ; Untyped                                                  ;
; AUTO_CARRY_CHAINS      ; ON         ; AUTO_CARRY                                               ;
; IGNORE_CARRY_BUFFERS   ; OFF        ; IGNORE_CARRY                                             ;
; AUTO_CASCADE_CHAINS    ; ON         ; AUTO_CASCADE                                             ;
; IGNORE_CASCADE_BUFFERS ; OFF        ; IGNORE_CASCADE                                           ;
+------------------------+------------+----------------------------------------------------------+
Note: In order to hide this table in the UI and the text report file, please set the "Show Parameter Settings Tables in Synthesis Report" option in "Analysis and Synthesis Settings -> More Settings" to "Off".


+------------------------------------------------------------------------+
; Parameter Settings for User Entity Instance: ram:inst3|LPM_RAM_IO:inst ;
+------------------------+------------+----------------------------------+
; Parameter Name         ; Value      ; Type                             ;
+------------------------+------------+----------------------------------+
; LPM_WIDTH              ; 8          ; Untyped                          ;
; LPM_WIDTHAD            ; 5          ; Untyped                          ;
; LPM_NUMWORDS           ; 32         ; Untyped                          ;
; LPM_INDATA             ; REGISTERED ; Untyped                          ;
; LPM_ADDRESS_CONTROL    ; REGISTERED ; Untyped                          ;
; LPM_OUTDATA            ; REGISTERED ; Untyped                          ;
; LPM_FILE               ; ram.hex    ; Untyped                          ;
; USE_EAB                ; ON         ; Untyped                          ;
; DEVICE_FAMILY          ; Stratix II ; Untyped                          ;
; AUTO_CARRY_CHAINS      ; ON         ; AUTO_CARRY                       ;
; IGNORE_CARRY_BUFFERS   ; OFF        ; IGNORE_CARRY                     ;
; AUTO_CASCADE_CHAINS    ; ON         ; AUTO_CASCADE                     ;
; IGNORE_CASCADE_BUFFERS ; OFF        ; IGNORE_CASCADE                   ;
+------------------------+------------+----------------------------------+
Note: In order to hide this table in the UI and the text report file, please set the "Show Parameter Settings Tables in Synthesis Report" option in "Analysis and Synthesis Settings -> More Settings" to "Off".


+----------------------------------------------------------------------------------------------------+
; altsyncram Parameter Settings by Entity Instance                                                   ;
+-------------------------------------------+--------------------------------------------------------+
; Name                                      ; Value                                                  ;
+-------------------------------------------+--------------------------------------------------------+
; Number of entity instances                ; 1                                                      ;
; Entity Instance                           ; rom:inst|lpm_rom0:inst|altsyncram:altsyncram_component ;
;     -- OPERATION_MODE                     ; ROM                                                    ;
;     -- WIDTH_A                            ; 8                                                      ;
;     -- NUMWORDS_A                         ; 32                                                     ;
;     -- OUTDATA_REG_A                      ; CLOCK1                                                 ;
;     -- WIDTH_B                            ; 1                                                      ;
;     -- NUMWORDS_B                         ; 1                                                      ;
;     -- ADDRESS_REG_B                      ; CLOCK1                                                 ;
;     -- OUTDATA_REG_B                      ; UNREGISTERED                                           ;
;     -- RAM_BLOCK_TYPE                     ; AUTO                                                   ;
;     -- READ_DURING_WRITE_MODE_MIXED_PORTS ; DONT_CARE                                              ;
+-------------------------------------------+--------------------------------------------------------+


+-------------------------------+
; Analysis & Synthesis Messages ;
+-------------------------------+
Info: *******************************************************************
Info: Running Quartus II Analysis & Synthesis
    Info: Version 9.1 Build 222 10/21/2009 SJ Web Edition
    Info: Processing started: Fri Oct 18 12:38:40 2024
Info: Command: quartus_map --read_settings_files=on --write_settings_files=off lab3 -c lab3
Info: Found 1 design units, including 1 entities, in source file main.bdf
    Info: Found entity 1: main
Info: Found 1 design units, including 1 entities, in source file rom.bdf
    Info: Found entity 1: rom
Info: Found 2 design units, including 1 entities, in source file lpm_rom0.vhd
    Info: Found design unit 1: lpm_rom0-SYN
    Info: Found entity 1: lpm_rom0
Info: Found 1 design units, including 1 entities, in source file lpm_bustri1.v
    Info: Found entity 1: lpm_bustri1
Info: Found 1 design units, including 1 entities, in source file ram.bdf
    Info: Found entity 1: ram
Info: Found 1 design units, including 1 entities, in source file buffer.bdf
    Info: Found entity 1: buffer
Info: Found 1 design units, including 1 entities, in source file lpm_dff0.v
    Info: Found entity 1: lpm_dff0
Info: Found 1 design units, including 1 entities, in source file lpm_bustri2.v
    Info: Found entity 1: lpm_bustri2
Info: Found 1 design units, including 1 entities, in source file lpm_dff1.v
    Info: Found entity 1: lpm_dff1
Info: Found 1 design units, including 1 entities, in source file lpm_decode0.v
    Info: Found entity 1: lpm_decode0
Info: Elaborating entity "main" for the top level hierarchy
Info: Elaborating entity "buffer" for hierarchy "buffer:inst4"
Info: Elaborating entity "lpm_dff0" for hierarchy "buffer:inst4|lpm_dff0:inst6"
Info: Elaborating entity "lpm_ff" for hierarchy "buffer:inst4|lpm_dff0:inst6|lpm_ff:lpm_ff_component"
Info: Elaborated megafunction instantiation "buffer:inst4|lpm_dff0:inst6|lpm_ff:lpm_ff_component"
Info: Instantiated megafunction "buffer:inst4|lpm_dff0:inst6|lpm_ff:lpm_ff_component" with the following parameter:
    Info: Parameter "lpm_fftype" = "DFF"
    Info: Parameter "lpm_type" = "LPM_FF"
    Info: Parameter "lpm_width" = "8"
Info: Elaborating entity "lpm_bustri2" for hierarchy "buffer:inst4|lpm_bustri2:inst9"
Info: Elaborating entity "lpm_bustri" for hierarchy "buffer:inst4|lpm_bustri2:inst9|lpm_bustri:lpm_bustri_component"
Info: Elaborated megafunction instantiation "buffer:inst4|lpm_bustri2:inst9|lpm_bustri:lpm_bustri_component"
Info: Instantiated megafunction "buffer:inst4|lpm_bustri2:inst9|lpm_bustri:lpm_bustri_component" with the following parameter:
    Info: Parameter "lpm_type" = "LPM_BUSTRI"
    Info: Parameter "lpm_width" = "8"
Info: Elaborating entity "lpm_dff1" for hierarchy "buffer:inst4|lpm_dff1:inst13"
Info: Elaborating entity "rom" for hierarchy "rom:inst"
Info: Elaborating entity "lpm_bustri1" for hierarchy "rom:inst|lpm_bustri1:inst5"
Info: Elaborating entity "lpm_bustri" for hierarchy "rom:inst|lpm_bustri1:inst5|lpm_bustri:lpm_bustri_component"
Info: Elaborated megafunction instantiation "rom:inst|lpm_bustri1:inst5|lpm_bustri:lpm_bustri_component"
Info: Instantiated megafunction "rom:inst|lpm_bustri1:inst5|lpm_bustri:lpm_bustri_component" with the following parameter:
    Info: Parameter "lpm_type" = "LPM_BUSTRI"
    Info: Parameter "lpm_width" = "8"
Info: Elaborating entity "lpm_rom0" for hierarchy "rom:inst|lpm_rom0:inst"
Info: Elaborating entity "altsyncram" for hierarchy "rom:inst|lpm_rom0:inst|altsyncram:altsyncram_component"
Info: Elaborated megafunction instantiation "rom:inst|lpm_rom0:inst|altsyncram:altsyncram_component"
Info: Instantiated megafunction "rom:inst|lpm_rom0:inst|altsyncram:altsyncram_component" with the following parameter:
    Info: Parameter "clock_enable_input_a" = "BYPASS"
    Info: Parameter "clock_enable_output_a" = "BYPASS"
    Info: Parameter "init_file" = "rom.hex"
    Info: Parameter "intended_device_family" = "Stratix II"
    Info: Parameter "lpm_type" = "altsyncram"
    Info: Parameter "numwords_a" = "32"
    Info: Parameter "operation_mode" = "ROM"
    Info: Parameter "outdata_aclr_a" = "NONE"
    Info: Parameter "outdata_reg_a" = "CLOCK1"
    Info: Parameter "widthad_a" = "5"
    Info: Parameter "width_a" = "8"
    Info: Parameter "width_byteena_a" = "1"
Info: Found 1 design units, including 1 entities, in source file db/altsyncram_b551.tdf
    Info: Found entity 1: altsyncram_b551
Info: Elaborating entity "altsyncram_b551" for hierarchy "rom:inst|lpm_rom0:inst|altsyncram:altsyncram_component|altsyncram_b551:auto_generated"
Info: Elaborating entity "lpm_decode0" for hierarchy "lpm_decode0:inst9"
Info: Elaborating entity "lpm_decode" for hierarchy "lpm_decode0:inst9|lpm_decode:lpm_decode_component"
Info: Elaborated megafunction instantiation "lpm_decode0:inst9|lpm_decode:lpm_decode_component"
Info: Instantiated megafunction "lpm_decode0:inst9|lpm_decode:lpm_decode_component" with the following parameter:
    Info: Parameter "lpm_decodes" = "2"
    Info: Parameter "lpm_type" = "LPM_DECODE"
    Info: Parameter "lpm_width" = "1"
Info: Found 1 design units, including 1 entities, in source file db/decode_trf.tdf
    Info: Found entity 1: decode_trf
Info: Elaborating entity "decode_trf" for hierarchy "lpm_decode0:inst9|lpm_decode:lpm_decode_component|decode_trf:auto_generated"
Info: Elaborating entity "ram" for hierarchy "ram:inst3"
Warning: Can't find a definition for parameter LPM_FILE -- assuming ram.hex was intended to be a quoted string
Info: Elaborating entity "LPM_RAM_IO" for hierarchy "ram:inst3|LPM_RAM_IO:inst"
Info: Elaborated megafunction instantiation "ram:inst3|LPM_RAM_IO:inst"
Info: Instantiated megafunction "ram:inst3|LPM_RAM_IO:inst" with the following parameter:
    Info: Parameter "LPM_FILE" = "ram.hex"
    Info: Parameter "LPM_NUMWORDS" = "32"
    Info: Parameter "LPM_OUTDATA" = "REGISTERED"
    Info: Parameter "LPM_WIDTH" = "8"
    Info: Parameter "LPM_WIDTHAD" = "5"
Info: Elaborating entity "altram" for hierarchy "ram:inst3|LPM_RAM_IO:inst|altram:sram"
Warning: Assertion warning: altram does not support Stratix II device family -- attempting best-case memory conversions, but power-up states and read during write behavior will be different for Stratix II devices
Info: Elaborated megafunction instantiation "ram:inst3|LPM_RAM_IO:inst|altram:sram", which is child of megafunction instantiation "ram:inst3|LPM_RAM_IO:inst"
Info: Elaborating entity "altsyncram" for hierarchy "ram:inst3|LPM_RAM_IO:inst|altram:sram|altsyncram:ram_block"
Info: Elaborated megafunction instantiation "ram:inst3|LPM_RAM_IO:inst|altram:sram|altsyncram:ram_block", which is child of megafunction instantiation "ram:inst3|LPM_RAM_IO:inst"
Info: Found 1 design units, including 1 entities, in source file db/altsyncram_f891.tdf
    Info: Found entity 1: altsyncram_f891
Info: Elaborating entity "altsyncram_f891" for hierarchy "ram:inst3|LPM_RAM_IO:inst|altram:sram|altsyncram:ram_block|altsyncram_f891:auto_generated"
Warning: Byte addressed memory initialization file "ram.hex" was read in the word-addressed format
Warning: Tri-state node(s) do not directly drive top-level pin(s)
    Warning: Converted the fan-out from the tri-state buffer "buffer:inst4|lpm_bustri2:inst9|lpm_bustri:lpm_bustri_component|din[7]" to the node "buffer:inst4|lpm_dff0:inst6|lpm_ff:lpm_ff_component|dffs[7]" into an OR gate
    Warning: Converted the fan-out from the tri-state buffer "buffer:inst4|lpm_bustri2:inst9|lpm_bustri:lpm_bustri_component|din[6]" to the node "buffer:inst4|lpm_dff0:inst6|lpm_ff:lpm_ff_component|dffs[6]" into an OR gate
    Warning: Converted the fan-out from the tri-state buffer "buffer:inst4|lpm_bustri2:inst9|lpm_bustri:lpm_bustri_component|din[5]" to the node "buffer:inst4|lpm_dff0:inst6|lpm_ff:lpm_ff_component|dffs[5]" into an OR gate
    Warning: Converted the fan-out from the tri-state buffer "buffer:inst4|lpm_bustri2:inst9|lpm_bustri:lpm_bustri_component|din[4]" to the node "buffer:inst4|lpm_dff0:inst6|lpm_ff:lpm_ff_component|dffs[4]" into an OR gate
    Warning: Converted the fan-out from the tri-state buffer "buffer:inst4|lpm_bustri2:inst9|lpm_bustri:lpm_bustri_component|din[3]" to the node "buffer:inst4|lpm_dff0:inst6|lpm_ff:lpm_ff_component|dffs[3]" into an OR gate
    Warning: Converted the fan-out from the tri-state buffer "buffer:inst4|lpm_bustri2:inst9|lpm_bustri:lpm_bustri_component|din[2]" to the node "buffer:inst4|lpm_dff0:inst6|lpm_ff:lpm_ff_component|dffs[2]" into an OR gate
    Warning: Converted the fan-out from the tri-state buffer "buffer:inst4|lpm_bustri2:inst9|lpm_bustri:lpm_bustri_component|din[1]" to the node "buffer:inst4|lpm_dff0:inst6|lpm_ff:lpm_ff_component|dffs[1]" into an OR gate
    Warning: Converted the fan-out from the tri-state buffer "buffer:inst4|lpm_bustri2:inst9|lpm_bustri:lpm_bustri_component|din[0]" to the node "buffer:inst4|lpm_dff0:inst6|lpm_ff:lpm_ff_component|dffs[0]" into an OR gate
Warning: Tri-state node(s) do not directly drive top-level pin(s)
    Warning: Converted the fan-out from the tri-state buffer "rom:inst|lpm_bustri1:inst5|lpm_bustri:lpm_bustri_component|dout[7]" to the node "ram:inst3|lpm_ram_io:inst|altram:sram|altsyncram:ram_block|altsyncram_f891:auto_generated|q_a[7]" into an OR gate
    Warning: Converted the fan-out from the tri-state buffer "rom:inst|lpm_bustri1:inst5|lpm_bustri:lpm_bustri_component|dout[6]" to the node "ram:inst3|lpm_ram_io:inst|altram:sram|altsyncram:ram_block|altsyncram_f891:auto_generated|q_a[6]" into an OR gate
    Warning: Converted the fan-out from the tri-state buffer "rom:inst|lpm_bustri1:inst5|lpm_bustri:lpm_bustri_component|dout[5]" to the node "ram:inst3|lpm_ram_io:inst|altram:sram|altsyncram:ram_block|altsyncram_f891:auto_generated|q_a[5]" into an OR gate
    Warning: Converted the fan-out from the tri-state buffer "rom:inst|lpm_bustri1:inst5|lpm_bustri:lpm_bustri_component|dout[4]" to the node "ram:inst3|lpm_ram_io:inst|altram:sram|altsyncram:ram_block|altsyncram_f891:auto_generated|q_a[4]" into an OR gate
    Warning: Converted the fan-out from the tri-state buffer "rom:inst|lpm_bustri1:inst5|lpm_bustri:lpm_bustri_component|dout[3]" to the node "ram:inst3|lpm_ram_io:inst|altram:sram|altsyncram:ram_block|altsyncram_f891:auto_generated|q_a[3]" into an OR gate
    Warning: Converted the fan-out from the tri-state buffer "rom:inst|lpm_bustri1:inst5|lpm_bustri:lpm_bustri_component|dout[2]" to the node "ram:inst3|lpm_ram_io:inst|altram:sram|altsyncram:ram_block|altsyncram_f891:auto_generated|q_a[2]" into an OR gate
    Warning: Converted the fan-out from the tri-state buffer "rom:inst|lpm_bustri1:inst5|lpm_bustri:lpm_bustri_component|dout[1]" to the node "ram:inst3|lpm_ram_io:inst|altram:sram|altsyncram:ram_block|altsyncram_f891:auto_generated|q_a[1]" into an OR gate
    Warning: Converted the fan-out from the tri-state buffer "rom:inst|lpm_bustri1:inst5|lpm_bustri:lpm_bustri_component|dout[0]" to the node "ram:inst3|lpm_ram_io:inst|altram:sram|altsyncram:ram_block|altsyncram_f891:auto_generated|q_a[0]" into an OR gate
Warning: Ignored assignments for entity "lab3" -- entity does not exist in design
    Warning: Assignment for entity set_global_assignment -name LL_ROOT_REGION ON -entity lab3 -section_id "Root Region" was ignored
    Warning: Assignment for entity set_global_assignment -name LL_MEMBER_STATE LOCKED -entity lab3 -section_id "Root Region" was ignored
Info: Implemented 125 device resources after synthesis - the final resource count might be different
    Info: Implemented 9 input pins
    Info: Implemented 48 output pins
    Info: Implemented 52 logic cells
    Info: Implemented 16 RAM segments
Info: Quartus II Analysis & Synthesis was successful. 0 errors, 24 warnings
    Info: Peak virtual memory: 246 megabytes
    Info: Processing ended: Fri Oct 18 12:38:41 2024
    Info: Elapsed time: 00:00:01
    Info: Total CPU time (on all processors): 00:00:02


